<?xml version="1.0" encoding="UTF-8" ?>
<testsuite errors="0" failures="0" hostname="LAPTOP-NKET2TV6" name="sg.edu.nus.iss.epat.tdd.workshop.ToDoListTest" skipped="0" tests="4" time="0.077" timestamp="2023-08-26T02:22:51">
  <properties>
[...]
</properties>
  <testcase classname="sg.edu.nus.iss.epat.tdd.workshop.ToDoListTest" name="testAddTask" time="0.003" />
  <testcase classname="sg.edu.nus.iss.epat.tdd.workshop.ToDoListTest" name="testGetCompletedTasks" time="0.0" />
  <testcase classname="sg.edu.nus.iss.epat.tdd.workshop.ToDoListTest" name="testRemoveTask" time="0.0" />
  <testcase classname="sg.edu.nus.iss.epat.tdd.workshop.ToDoListTest" name="testGetStatus" time="0.0" />
  <system-out><![CDATA[]]></system-out>
  <system-err><![CDATA[]]></system-err>
</testsuite>
